  EnemyBase.cpp
  EnemyManager.cpp
D:\Documents\University\Year 2\Module 2\Assignment\SFMLFramework\SFMLFramework\EnemyManager.cpp(18,41): warning C4244: 'argument': conversion from 'float' to 'int', possible loss of data
D:\Documents\University\Year 2\Module 2\Assignment\SFMLFramework\SFMLFramework\EnemyManager.cpp(154,57): warning C4244: 'argument': conversion from 'T' to 'int', possible loss of data
          with
          [
              T=float
          ]
D:\Documents\University\Year 2\Module 2\Assignment\SFMLFramework\SFMLFramework\EnemyManager.cpp(155,57): warning C4244: 'argument': conversion from 'T' to 'int', possible loss of data
          with
          [
              T=float
          ]
  Game.cpp
  GameObject.cpp
  GameText.cpp
  Main.cpp
D:\Documents\University\Year 2\Module 2\Assignment\SFMLFramework\SFMLFramework\Main.cpp(8,16): warning C4244: 'argument': conversion from 'time_t' to 'unsigned int', possible loss of data
  MenuButton.cpp
D:\Documents\University\Year 2\Module 2\Assignment\SFMLFramework\SFMLFramework\MenuButton.cpp(51,26): warning C4244: '=': conversion from 'float' to 'int', possible loss of data
D:\Documents\University\Year 2\Module 2\Assignment\SFMLFramework\SFMLFramework\MenuButton.cpp(54,29): warning C4244: '=': conversion from 'float' to 'int', possible loss of data
D:\Documents\University\Year 2\Module 2\Assignment\SFMLFramework\SFMLFramework\MenuButton.cpp(57,27): warning C4244: '=': conversion from 'float' to 'int', possible loss of data
D:\Documents\University\Year 2\Module 2\Assignment\SFMLFramework\SFMLFramework\MenuButton.cpp(60,28): warning C4244: '=': conversion from 'float' to 'int', possible loss of data
  MenuManager.cpp
  MusicManager.cpp
  Particle.cpp
  ParticleSystem.cpp
  PlayerObject.cpp
D:\Documents\University\Year 2\Module 2\Assignment\SFMLFramework\SFMLFramework\PlayerObject.cpp(33,69): warning C4244: 'argument': conversion from 'const float' to 'int', possible loss of data
D:\Documents\University\Year 2\Module 2\Assignment\SFMLFramework\SFMLFramework\PlayerObject.cpp(151,33): warning C4244: 'argument': conversion from 'float' to 'int', possible loss of data
D:\Documents\University\Year 2\Module 2\Assignment\SFMLFramework\SFMLFramework\PlayerObject.cpp(151,28): warning C4244: 'argument': conversion from 'float' to 'int', possible loss of data
D:\Documents\University\Year 2\Module 2\Assignment\SFMLFramework\SFMLFramework\PlayerObject.cpp(156,28): warning C4244: 'argument': conversion from 'float' to 'int', possible loss of data
D:\Documents\University\Year 2\Module 2\Assignment\SFMLFramework\SFMLFramework\PlayerObject.cpp(162,28): warning C4244: 'argument': conversion from 'float' to 'int', possible loss of data
D:\Documents\University\Year 2\Module 2\Assignment\SFMLFramework\SFMLFramework\PlayerObject.cpp(177,31): warning C4244: 'argument': conversion from 'int' to 'T', possible loss of data
          with
          [
              T=float
          ]
D:\Documents\University\Year 2\Module 2\Assignment\SFMLFramework\SFMLFramework\PlayerObject.cpp(181,31): warning C4244: 'argument': conversion from 'int' to 'T', possible loss of data
          with
          [
              T=float
          ]
  Projectile.cpp
  ProjectileManager.cpp
D:\Documents\University\Year 2\Module 2\Assignment\SFMLFramework\SFMLFramework\ProjectileManager.cpp(60,53): warning C4244: 'argument': conversion from 'int' to 'T', possible loss of data
          with
          [
              T=float
          ]
  ScoreManager.cpp
  Shield.cpp
  UIManager.cpp
  Generating code
  1643 of 1728 functions (95.1%) were compiled, the rest were copied from previous compilation.
    1411 functions were new in current compilation
    19 functions had inline decision re-evaluated but remain unchanged
  Finished generating code
  SFMLFramework.vcxproj -> D:\Documents\University\Year 2\Module 2\Assignment\SFMLFramework\Release\SFMLFramework.exe
